<?xml version="1.0" encoding="UTF-8"?>
<!-- Generated by org.testng.reporters.JUnitReportReporter -->
<testsuite skipped="0" hostname="CPX-2IRP56ZCC0G" name="com.accenture.TestCalculatorF.TestCalculadora" tests="1" failures="0" timestamp="17 jul 2018 13:39:56 GMT" time="42.115" errors="0">
  <testcase name="mytest" time="42.115" classname="com.accenture.TestCalculatorF.TestCalculadora"/>
</testsuite> <!-- com.accenture.TestCalculatorF.TestCalculadora -->
